<?xml version="1.0" encoding="UTF-8"?>
<!-- Generated by org.testng.reporters.JUnitXMLReporter -->
<testsuite ignored="0" hostname="VAIO" failures="0" tests="2" name="Tergettest" time="11.731" errors="0" timestamp="03 Feb 2022 02:51:02 GMT">
  <testcase classname="com.bit.test.ExtentReportTest" name="@AfterMethod afterMethod" time="0.033">
    <failure type="java.lang.NullPointerException" message="Cannot invoke &amp;quot;java.lang.CharSequence.length()&amp;quot; because &amp;quot;this.text&amp;quot; is null">
      <![CDATA[java.lang.NullPointerException: Cannot invoke "java.lang.CharSequence.length()" because "this.text" is null
at java.base/java.util.regex.Matcher.getTextLength(Matcher.java:1769)
at java.base/java.util.regex.Matcher.reset(Matcher.java:415)
at java.base/java.util.regex.Matcher.<init>(Matcher.java:252)
at java.base/java.util.regex.Pattern.matcher(Pattern.java:1134)
at com.aventstack.extentreports.utils.ExceptionUtil.getExceptionHeadline(ExceptionUtil.java:25)
at com.aventstack.extentreports.ExtentTest.log(ExtentTest.java:399)
at com.aventstack.extentreports.ExtentTest.log(ExtentTest.java:418)
at com.bit.test.ExtentReportTest.afterMethod(ExtentReportTest.java:80)
... Removed 28 stack frames]]>
    </failure>
  </testcase> <!-- @AfterMethod afterMethod -->
  <testcase classname="com.bit.test.ExtentReportTest" name="@AfterMethod afterMethod" time="0.0">
    <skipped/>
  </testcase> <!-- @AfterMethod afterMethod -->
  <testcase classname="com.bit.test.ExtentReportTest" name="@AfterClass closeBrowser" time="0.0">
    <skipped/>
  </testcase> <!-- @AfterClass closeBrowser -->
  <testcase classname="com.bit.test.UnitTest" name="FBook" time="8.828"/>
  <testcase classname="com.bit.test.UnitTest" name="terget" time="0.0">
    <skipped/>
  </testcase> <!-- terget -->
</testsuite> <!-- Tergettest -->
